
================================================================================
ДАТА: 2025-10-31 12:34:50
ТИП ФОРМЫ: quote
EMAIL ПОЛУЧАТЕЛЯ: skachkov_evgenij@list.ru
ДАННЫЕ:
  name: Eugene
  email: petyaivanov22345@mail.ru
  phone: +375298753163
  message: хочу купит  у вас дом A30
================================================================================

================================================================================
ДАТА: 2025-10-31 12:34:50
ТИП ФОРМЫ: quote
EMAIL ПОЛУЧАТЕЛЯ: skachkov_evgenij@list.ru
ДАННЫЕ:
  name: Eugene
  email: petyaivanov22345@mail.ru
  phone: +375298753163
  message: хочу купит  у вас дом A30
================================================================================
